Performing C++ SOURCE FILE Test CMAKE_HAVE_LIBC_PTHREAD failed with the following output:
Change Dir: /home/vadim/TP_Shilin_Vadim/task4/cmake-build-debug/CMakeFiles/CMakeTmp

Run Build Command(s):/usr/bin/make cmTC_6dcff/fast && /usr/bin/make  -f CMakeFiles/cmTC_6dcff.dir/build.make CMakeFiles/cmTC_6dcff.dir/build
make[1]: Entering directory '/home/vadim/TP_Shilin_Vadim/task4/cmake-build-debug/CMakeFiles/CMakeTmp'
Building CXX object CMakeFiles/cmTC_6dcff.dir/src.cxx.o
/usr/bin/c++ -DCMAKE_HAVE_LIBC_PTHREAD  -fPIE -o CMakeFiles/cmTC_6dcff.dir/src.cxx.o -c /home/vadim/TP_Shilin_Vadim/task4/cmake-build-debug/CMakeFiles/CMakeTmp/src.cxx
Linking CXX executable cmTC_6dcff
/snap/clion/151/bin/cmake/linux/bin/cmake -E cmake_link_script CMakeFiles/cmTC_6dcff.dir/link.txt --verbose=1
/usr/bin/c++ CMakeFiles/cmTC_6dcff.dir/src.cxx.o -o cmTC_6dcff 
/usr/bin/ld: CMakeFiles/cmTC_6dcff.dir/src.cxx.o: in function `main':
src.cxx:(.text+0x46): undefined reference to `pthread_create'
/usr/bin/ld: src.cxx:(.text+0x52): undefined reference to `pthread_detach'
/usr/bin/ld: src.cxx:(.text+0x5e): undefined reference to `pthread_cancel'
/usr/bin/ld: src.cxx:(.text+0x6f): undefined reference to `pthread_join'
collect2: error: ld returned 1 exit status
make[1]: *** [CMakeFiles/cmTC_6dcff.dir/build.make:106: cmTC_6dcff] Error 1
make[1]: Leaving directory '/home/vadim/TP_Shilin_Vadim/task4/cmake-build-debug/CMakeFiles/CMakeTmp'
make: *** [Makefile:140: cmTC_6dcff/fast] Error 2


Source file was:
#include <pthread.h>

static void* test_func(void* data)
{
  return data;
}

int main(void)
{
  pthread_t thread;
  pthread_create(&thread, NULL, test_func, NULL);
  pthread_detach(thread);
  pthread_cancel(thread);
  pthread_join(thread, NULL);
  pthread_atfork(NULL, NULL, NULL);
  pthread_exit(NULL);

  return 0;
}

Determining if the function pthread_create exists in the pthreads failed with the following output:
Change Dir: /home/vadim/TP_Shilin_Vadim/task4/cmake-build-debug/CMakeFiles/CMakeTmp

Run Build Command(s):/usr/bin/make cmTC_34d74/fast && /usr/bin/make  -f CMakeFiles/cmTC_34d74.dir/build.make CMakeFiles/cmTC_34d74.dir/build
make[1]: Entering directory '/home/vadim/TP_Shilin_Vadim/task4/cmake-build-debug/CMakeFiles/CMakeTmp'
Building CXX object CMakeFiles/cmTC_34d74.dir/CheckFunctionExists.cxx.o
/usr/bin/c++   -DCHECK_FUNCTION_EXISTS=pthread_create -fPIE -o CMakeFiles/cmTC_34d74.dir/CheckFunctionExists.cxx.o -c /home/vadim/TP_Shilin_Vadim/task4/cmake-build-debug/CMakeFiles/CheckLibraryExists/CheckFunctionExists.cxx
Linking CXX executable cmTC_34d74
/snap/clion/151/bin/cmake/linux/bin/cmake -E cmake_link_script CMakeFiles/cmTC_34d74.dir/link.txt --verbose=1
/usr/bin/c++  -DCHECK_FUNCTION_EXISTS=pthread_create CMakeFiles/cmTC_34d74.dir/CheckFunctionExists.cxx.o -o cmTC_34d74  -lpthreads 
/usr/bin/ld: cannot find -lpthreads
collect2: error: ld returned 1 exit status
make[1]: *** [CMakeFiles/cmTC_34d74.dir/build.make:106: cmTC_34d74] Error 1
make[1]: Leaving directory '/home/vadim/TP_Shilin_Vadim/task4/cmake-build-debug/CMakeFiles/CMakeTmp'
make: *** [Makefile:140: cmTC_34d74/fast] Error 2



The C compiler identification could not be found in "/home/vadim/TP_Shilin_Vadim/task4/cmake-build-debug/CMakeFiles/3.19.2/CompilerIdC/CMakeCCompilerId.gcno"

